<?xml version="1.0" encoding="UTF-8"?>
<!-- Generated by org.testng.reporters.JUnitXMLReporter -->
<testsuite hostname="Lenovo-PC" name="test" tests="6" failures="1" timestamp="11 Aug 2019 03:16:02 GMT" time="68.162" errors="0">
  <testcase name="testCase" time="7.506" classname="com.myemail.TestLoginParameter"/>
  <testcase name="testCase" time="6.601" classname="com.myemail.TestLoginParameter"/>
  <testcase name="testCase" time="6.73" classname="com.myemail.TestLoginParameter"/>
  <testcase name="testCase" time="6.519" classname="com.myemail.TestLoginParameter">
    <failure type="java.lang.AssertionError" message="expected [帐号或密码错误] but found [请先进行验证]">
      <![CDATA[java.lang.AssertionError: expected [帐号或密码错误] but found [请先进行验证]
	at com.myemail.TestLoginParameter.testCase(TestLoginParameter.java:42)
... Removed 29 stack frames]]>
    </failure>
  </testcase> <!-- testCase -->
  <testcase name="testSearch" time="9.43" classname="com.myemail.TestSearch"/>
  <testcase name="login" time="5.234" classname="com.myemail.TestLoginModel"/>
</testsuite> <!-- test -->
